0 info it worked if it ends with ok
1 verbose cli [ '/usr/bin/nodejs',
1 verbose cli   '/usr/bin/npm',
1 verbose cli   'completion',
1 verbose cli   '--',
1 verbose cli   'npm',
1 verbose cli   'install',
1 verbose cli   'android' ]
2 info using npm@1.4.21
3 info using node@v0.10.25
4 verbose config Skipping project config: /home/edcr7526/.npmrc. (matches userconfig)
5 verbose request where is /-/short
6 verbose request registry https://registry.npmjs.org/
7 verbose request id f7a54f73e55ba6bd
8 verbose url raw /-/short
9 verbose url resolving [ 'https://registry.npmjs.org/', './-/short' ]
10 verbose url resolved https://registry.npmjs.org/-/short
11 verbose request where is https://registry.npmjs.org/-/short
12 info trying registry request attempt 1 at 12:36:18
13 http GET https://registry.npmjs.org/-/short
14 http 404 https://registry.npmjs.org/-/short
15 silly registry.get cb [ 404,
15 silly registry.get   { 'content-type': 'application/json',
15 silly registry.get     'cache-control': 'max-age=0',
15 silly registry.get     'content-length': '2',
15 silly registry.get     'accept-ranges': 'bytes',
15 silly registry.get     date: 'Wed, 09 Dec 2015 19:36:18 GMT',
15 silly registry.get     via: '1.1 varnish',
15 silly registry.get     connection: 'keep-alive',
15 silly registry.get     'x-served-by': 'cache-dfw1824-DFW',
15 silly registry.get     'x-cache': 'MISS',
15 silly registry.get     'x-cache-hits': '0',
15 silly registry.get     'x-timer': 'S1449689778.194143,VS0,VE47' } ]
16 error TypeError: Object #<Object> has no method 'filter'
16 error     at /usr/share/npm/lib/install.js:43:17
16 error     at saved (/usr/share/npm/node_modules/npm-registry-client/lib/get.js:167:7)
16 error     at Object.oncomplete (fs.js:107:15)
17 error If you need help, you may report this *entire* log,
17 error including the npm and node versions, at:
17 error     <http://github.com/npm/npm/issues>
18 error System Linux 4.2.0-16-generic
19 error command "/usr/bin/nodejs" "/usr/bin/npm" "completion" "--" "npm" "install" "android"
20 error cwd /home/edcr7526/Documents/landColor
21 error node -v v0.10.25
22 error npm -v 1.4.21
23 error type undefined_method
24 verbose exit [ 1, true ]
